[Message:   BepInEx] BepInEx 5.4.23.2 - Lethal Company (29.01.2024 18:37:20)
[Info   :   BepInEx] Running under Unity v2022.3.9.15351836
[Info   :   BepInEx] CLR runtime version: 4.0.30319.42000
[Info   :   BepInEx] Supports SRE: True
[Info   :   BepInEx] System platform: Bits64, Windows
[Message:   BepInEx] Preloader started
[Info   :   BepInEx] Loaded 1 patcher method from [BepInEx.Preloader 5.4.23.2]
[Info   :   BepInEx] Loaded 1 patcher method from [BepInEx.MonoMod.HookGenPatcher 1.2.1.0]
[Info   :   BepInEx] Loaded 1 patcher method from [FixPluginTypesSerialization 1.0.0.0]
[Info   :   BepInEx] 3 patcher plugins loaded
[Info   :HookGenPatcher] Previous MMHOOK location found. Using that location to save instead.
[Info   :HookGenPatcher] Already ran for this version, reusing that file.
[Info   :HookGenPatcher] Previous MMHOOK location found. Using that location to save instead.
[Info   :HookGenPatcher] Already ran for this version, reusing that file.
[Info   :HookGenPatcher] Previous MMHOOK location found. Using that location to save instead.
[Info   :HookGenPatcher] Already ran for this version, reusing that file.
[Info   :HookGenPatcher] Previous MMHOOK location found. Using that location to save instead.
[Info   :HookGenPatcher] Already ran for this version, reusing that file.
[Info   :HookGenPatcher] Previous MMHOOK location found. Using that location to save instead.
[Info   :HookGenPatcher] Already ran for this version, reusing that file.
[Info   :HookGenPatcher] Previous MMHOOK location found. Using that location to save instead.
[Info   :HookGenPatcher] Already ran for this version, reusing that file.
[Message:FixPluginTypesSerialization] Using the config cache
[Info   :FixPluginTypesSerialization] Running under Unity v2022.3.9
[Info   :   BepInEx] Patching [UnityEngine.CoreModule] with [BepInEx.Chainloader]
[Message:   BepInEx] Preloader finished
[Message:   BepInEx] Chainloader ready
[Message:   BepInEx] Chainloader started
[Info   :   BepInEx] 27 plugins to load
[Info   :   BepInEx] Loading [Starlancer AI Fix 3.8.0]
[Info   :Starlancer AI Fix] Starlancer AI Fix Online.
[Info   :   BepInEx] Loading [AlwaysShowClock 1.0.0]
[Info   :   BepInEx] Loading [Lethal Company Input Utils 0.7.7]
[Info   :Lethal Company Input Utils] Registered InputUtilsExtendedMouse Layout Override!
[Info   :Lethal Company Input Utils] InputUtils 0.7.7 has finished loading!
[Info   :   BepInEx] Loading [Custom Sounds 2.3.2]
[Info   :CustomSounds] "HideManagerGameObject" is correctly set to true.
[Info   :CustomSounds] Plugin CustomSounds is loaded!
[Info   :   BepInEx] Loading [MoreCompany 1.10.0]
[Info   :MoreCompany] Loading MoreCompany...
[Info   :MoreCompany] Loading SETTINGS...
[Info   :MoreCompany] Checking: G:\Program Files\Steam\steamapps\common\Lethal Company\BepInEx\plugins/MoreCompanyCosmetics
[Info   :MoreCompany] Loading COSMETICS...
[Info   :MoreCompany] Loading DEFAULT COSMETICS...
[Info   :MoreCompany] Loaded cosmetic: builtin.3dglasses from bundle
[Info   :MoreCompany] Loaded cosmetic: builtin.bunnyears from bundle
[Info   :MoreCompany] Loaded cosmetic: builtin.denimhat from bundle
[Info   :MoreCompany] Loaded cosmetic: builtin.fancyglasses from bundle
[Info   :MoreCompany] Loaded cosmetic: builtin.partyglasses from bundle
[Info   :MoreCompany] Loaded cosmetic: builtin.gunholster from bundle
[Info   :MoreCompany] Loaded cosmetic: builtin.hardhat from bundle
[Info   :MoreCompany] Loaded cosmetic: builtin.jesterhat from bundle
[Info   :MoreCompany] Loaded cosmetic: builtin.kittyears from bundle
[Info   :MoreCompany] Loaded cosmetic: builtin.mimemask from bundle
[Info   :MoreCompany] Loaded cosmetic: builtin.fancypants from bundle
[Info   :MoreCompany] Loaded cosmetic: builtin.outoforder from bundle
[Info   :MoreCompany] Loaded cosmetic: builtin.partyhat from bundle
[Info   :MoreCompany] Loaded cosmetic: builtin.plaguemask from bundle
[Info   :MoreCompany] Loaded cosmetic: builtin.propellerhat from bundle
[Info   :MoreCompany] Loaded cosmetic: builtin.eyeballs from bundle
[Info   :MoreCompany] Loaded cosmetic: builtin.rudolph from bundle
[Info   :MoreCompany] Loaded cosmetic: builtin.santahat from bundle
[Info   :MoreCompany] Loaded cosmetic: builtin.slimething from bundle
[Info   :MoreCompany] Loaded cosmetic: builtin.tophat from bundle
[Info   :MoreCompany] Loaded cosmetic: builtin.watch from bundle
[Info   :MoreCompany] Loading USER COSMETICS...
[Info   :MoreCompany] Loaded MoreCompany FULLY
[Info   :   BepInEx] Loading [TooManyEmotes 2.1.26]
[Info   :TooManyEmotes-2.1.26] BindingConfigs
[Info   :TooManyEmotes-2.1.26] Initializing custom emote hotkeys.
[Info   :TooManyEmotes-2.1.26] Successfully loaded 28 animation clips from asset bundle: Assets/emotes_complementary
[Info   :TooManyEmotes-2.1.26] Successfully loaded 87 animation clips from asset bundle: Assets/emotes_0
[Info   :TooManyEmotes-2.1.26] Successfully loaded 119 animation clips from asset bundle: Assets/emotes_1
[Info   :TooManyEmotes-2.1.26] Successfully loaded 85 animation clips from asset bundle: Assets/emotes_2
[Info   :TooManyEmotes-2.1.26] Successfully loaded 8 animation clips from asset bundle: Assets/emotes_3
[Info   :TooManyEmotes-2.1.26] Successfully loaded 4 animation clips from asset bundle: Assets/emotes_special
[Info   :TooManyEmotes-2.1.26] Successfully loaded radial menu asset.
[Info   :TooManyEmotes-2.1.26] Loaded 19 emote props.
[Info   :TooManyEmotes-2.1.26] Loading 134 dmca-free audio clips.
[Info   :TooManyEmotes-2.1.26] Loading 132 dmca audio clips.
[Info   :TooManyEmotes-2.1.26] TooManyEmotes finished loading!
[Info   :   BepInEx] Loading [ModelReplacementAPI 2.4.10]
[Info   :meow.ModelReplacementAPI] Plugin meow.ModelReplacementAPI is loaded!
[Info   :   BepInEx] Loading [ee 0.1.0]
[Info   :   Console] NsfwMod.FemaleEmployee
[Info   :meow.ModelReplacementAPI] Registering body replacement type ModelReplacementNew.MRNUDEGAL to suit name femaleclothed.
[Info   :meow.ModelReplacementAPI] Registering body replacement type ModelReplacementNew.MRACTUALLYNUDE to suit name femalenude.
[Info   :meow.ModelReplacementAPI] Registering body replacement type ModelReplacementNew.MRTITSOUT to suit name femalesuitopen.
[Info   :meow.ModelReplacementAPI] Registering body replacement type ModelReplacementNew.MRGALPINK to suit name femalepink.
[Info   :meow.ModelReplacementAPI] Registering body replacement type ModelReplacementNew.MRTITSOUTPINK to suit name femalepinkopen.
[Info   :meow.ModelReplacementAPI] Registering body replacement type ModelReplacementNew.MRGALBLUE to suit name femaleblue.
[Info   :meow.ModelReplacementAPI] Registering body replacement type ModelReplacementNew.MRTITSOUTBLUE to suit name femaleblueopen.
[Info   :meow.ModelReplacementAPI] Registering body replacement type ModelReplacementNew.MRGALLIME to suit name femalelime.
[Info   :meow.ModelReplacementAPI] Registering body replacement type ModelReplacementNew.MRTITSOUTLIME to suit name femalelimeopen.
[Info   :meow.ModelReplacementAPI] Registering body replacement type ModelReplacementNew.MRSTARGIRL to suit name femalestar.
[Info   :meow.ModelReplacementAPI] Registering body replacement type ModelReplacementNew.MRSTARSOUT to suit name femalestaropen.
[Info   :meow.ModelReplacementAPI] Registering body replacement type ModelReplacementNew.MRHDEMPLOYEE to suit name realman.
[Info   :meow.ModelReplacementAPI] Registering body replacement type ModelReplacementNew.MRTITSOUTORANGE to suit name femaleorangeopen.
[Info   :meow.ModelReplacementAPI] Registering body replacement type ModelReplacementNew.MRGALORANGE to suit name femaleorange.
[Info   :        ee] Plugin ee is loaded!
[Info   :   BepInEx] Loading [BuffCompany 1.0.1]
[Info   :BuffCompany] elskie.BuffCompany v1.0.1 has loaded. Good luck.
[Info   :   BepInEx] Loading [LethalLib 0.16.1]
[Info   : LethalLib] LethalLib loaded!!
[Info   :   BepInEx] Loading [BuyableShotgunPlus 1.2.0]
[Info   :BuyableShotgunPlus] BuyableShotgunPlus Log: Config loaded
[Info   :   BepInEx] Loading [ReservedItemSlotCore 2.0.33]
[Info   :ReservedItemSlotCore-2.0.33] BindingConfigs
[Info   :ReservedItemSlotCore-2.0.33] ReservedItemSlotCore loaded
[Info   :   BepInEx] Loading [ReservedFlashlightSlot 2.0.6]
[Info   :ReservedFlashlightSlot-2.0.6] BindingConfigs
[Info   :ReservedItemSlotCore-2.0.33] Created ReservedItemSlotData for: flashlight. Slot priority: 200
[Info   :ReservedFlashlightSlot-2.0.6] ReservedFlashlightSlot loaded
[Info   :   BepInEx] Loading [ReservedWalkieSlot 2.0.5]
[Info   :ReservedWalkieSlot-2.0.5] BindingConfigs
[Info   :ReservedItemSlotCore-2.0.33] Created ReservedItemSlotData for: walkie_talkie. Slot priority: 150
[Info   :ReservedWalkieSlot-2.0.5] ReservedWalkieSlot loaded
[Info   :   BepInEx] Loading [ReservedWeaponSlot 1.1.4]
[Info   :ReservedWeaponSlot-1.1.4] BindingConfigs
[Info   :ReservedItemSlotCore-2.0.33] Created ReservedItemSlotData for: weapons. Slot priority: 100
[Info   :ReservedItemSlotCore-2.0.33] Created ReservedItemSlotData for: ammo. Slot priority: -100
[Info   :ReservedWeaponSlot-1.1.4] ReservedWeaponSlot loaded
[Info   :   BepInEx] Loading [Ammo Tin 1.0.0.0]
[Info   :   BepInEx] Loading [MaxWasUnavailable.LethalModDataLib 1.2.2]
[Info   :MaxWasUnavailable.LethalModDataLib] Plugin MaxWasUnavailable.LethalModDataLib is loaded!
[Info   :   BepInEx] Loading [LethalLevelLoader 1.3.10]
[Info   :LethalLevelLoader] LethalLevelLoader loaded!!
[Info   :LethalLevelLoader] evaisa.lethallibfound, enabling compatability patches.
[Info   :LethalLevelLoader] Finding LethalBundles!
[Info   :LethalLevelLoader] Config Level Set As: User
[Info   :   BepInEx] Loading [LC Sound Tool 1.5.1]
[Info   :LCSoundTool] Plugin LCSoundTool is loaded!
[Info   :   BepInEx] Loading [lynxdev.OptimizedSkinwalkers 2.1.1]
[Info   :lynxdev.OptimizedSkinwalkers] SKINWALKER MOD STARTING UP 2.1.1
[Info   :lynxdev.OptimizedSkinwalkers] VoiceLineFrequency; VALUE LOADED FROM CONFIG: 1
[Info   :lynxdev.OptimizedSkinwalkers] KeepFilesBetweenSessions; VALUE LOADED FROM CONFIG: False
[Info   :lynxdev.OptimizedSkinwalkers] TimeForFileCaching; VALUE LOADED FROM CONFIG: 8
[Info   :lynxdev.OptimizedSkinwalkers] AddCustomFiles; VALUE LOADED FROM CONFIG: False
[Info   :lynxdev.OptimizedSkinwalkers] CustomSoundFrequency; VALUE LOADED FROM CONFIG: 50
[Info   :lynxdev.OptimizedSkinwalkers] SkinwalkerModPersistent Initialized
[Info   :lynxdev.OptimizedSkinwalkers] IsVoiceRecordingEnabled True
[Info   :lynxdev.OptimizedSkinwalkers] AreCustomSoundsEnabled False
[Info   :   BepInEx] Loading [WalkieUse 1.5.0]
[Info   : WalkieUse] ------Walkie done.------
[Info   : WalkieUse] Walkie in Terminal: False
[Info   :   BepInEx] Loading [Scopophobia 1.1.3]
[Info   :Scopophobia] Scopophobia | SCP-096 has entered the facility. All remaining personnel proceed with caution.
[Info   :   BepInEx] Loading [Yippee tbh mod 1.2.4]
[Info   :sunnobunno.YippeeMod] sunnobunno.YippeeMod is loading.
[Info   :sunnobunno.YippeeMod] sunnobunno.YippeeMod is loaded. Yippee!!!
[Info   :   BepInEx] Loading [Free Bird Totem Remix for Jester Mod 1.0.1]
[Info   :TopraksuK.FBTRJ] Loading Free Bird TOTEM Remix for Jester.
[Info   :TopraksuK.FBTRJ] Free Bird Totem Remix for Jester Mod. Press ESC if the game is frozen occasionally.
[Info   :   BepInEx] Loading [Late Company 1.0.16]
[Info   :Late Company] Late Company loaded!
[Info   :   BepInEx] Loading [More Suits 1.4.3]
[Info   :More Suits] Plugin More Suits is loaded!
[Info   :   BepInEx] Loading [OpenBodyCams 2.2.4]
[Info   :OpenBodyCams] Successfully loaded OpenBodyCams assets.
[Info   :OpenBodyCams] Patched UnlockableSuit to spawn cosmetics for both perspectives on all players.
[Info   :OpenBodyCams] Last config version is 2.2.4.
[Info   :OpenBodyCams] Patched MoreCompany to spawn cosmetics on the local player.
[Info   :OpenBodyCams] MoreCompany compatibility mode is enabled.
[Info   :OpenBodyCams] ModelReplacementAPI compatibility mode is enabled.
[Info   :OpenBodyCams] Registered body cam unlockable for 200 credits.
[Message:   BepInEx] Chainloader startup complete
[Info   :LethalLevelLoader] Found ExtendedMod: ExtendedMod
[Info   :LethalLevelLoader] Found ExtendedMod: Egypt
[Info   :LethalLevelLoader] Found ExtendedMod: Secret Labs 1
[Info   :LethalLevelLoader] Found ExtendedMod: atlasabyssextendedmod
[Info   :ReservedFlashlightSlot-2.0.6] Initializing hotkeys.
[Info   :ReservedWalkieSlot-2.0.5] Initializing hotkeys.
[Info   :ReservedWeaponSlot-1.1.4] Initializing hotkeys.
[Info   :LethalLevelLoader] Found ExtendedMod: ExtendedMod
[Info   :LethalLevelLoader] Found ExtendedMod: TombExtended
[Info   :LethalLevelLoader] Adding ScenePath: Atlas Abyss
[Info   :LethalLevelLoader] Adding ScenePath: CesspoolScene
[Info   :LethalLevelLoader] Adding ScenePath: Egypt
[Info   :LethalLevelLoader] Adding ScenePath: PlainsScene
[Info   :LethalLevelLoader] Adding ScenePath: Secret Labs
[Warning:LCSoundTool] Networking disabled. Mod in fully client side mode, but no networked actions can take place! You can safely ignore this if you want the mod to run fully client side.
[Error  : WalkieUse] Terminal Walkie: False
[Info   :LethalLevelLoader] Registering Bundle Content!
[Info   :LethalLevelLoader] Skipped Registering 227 NetworkObjects As They Were Already Registered.
[Info   :MaxWasUnavailable.LethalModDataLib] Registering ModDataAttribute fields...
[Info   :MaxWasUnavailable.LethalModDataLib] Hooking up save, load and delete events...
[Info   :MaxWasUnavailable.LethalModDataLib] ModDataHandler initialised!
[Info   :MoreCompany] LANMenu startLAN Patched
[Info   :LethalLevelLoader] LethalLevelLoader Loaded The Following ExtendedLevels:
1. 41 Experimentation (Vanilla)
2. 220 Assurance (Vanilla)
3. 56 Vow (Vanilla)
4. 71 Gordion (Vanilla)
5. 61 March (Vanilla)
6. 20 Adamance (Vanilla)
7. 85 Rend (Vanilla)
8. 7 Dine (Vanilla)
9. 21 Offense (Vanilla)
10. 8 Titan (Vanilla)
11. 68 Artifice (Vanilla)
12. 44 Liquidation (Vanilla)
13. 5 Embrion (Vanilla)
14. 10 EGypt (Custom)
15. 93 Cesspool (Custom)
16. 541-Plains (Custom)
17. Atlas Abyss (Custom)
18. Secret Labs (Custom)

[Info   :LethalLevelLoader] LethalLevelLoader Loaded The Following ExtendedDungeonFlows:
1. Facility (Level1Flow) (Vanilla)
2. Haunted Mansion (Level2Flow) (Vanilla)
3. Facility (Level1FlowExtraLarge) (Vanilla)
4. Facility (Level1Flow3Exits) (Vanilla)
5. Mineshaft (Level3Flow) (Vanilla)
6. Tomb (EgyptFlow) (Custom)

[Info   :LethalLevelLoader] Initialized LLL Save File, Current Level Was: , Current Vanilla Save Is: LCSaveFile1
[Info   :LethalLevelLoader] LethalLevelLoader Has Finished Initializing.
[Info   :TooManyEmotes-2.1.26] Loading AudioManager preferences.
[Info   : LethalLib] Adding 1 unlockables to unlockables list
[Info   : LethalLib] Adding 3 items to terminal
[Info   :TooManyEmotes-2.1.26] Initializing emote menu
[Info   :TooManyEmotes-2.1.26] Loading AudioManager preferences.
[Info   :TooManyEmotes-2.1.26] Loading ThirdPersonEmoteController preferences.
[Info   :TooManyEmotes-2.1.26] Initializing animation renderer
[Info   :lynxdev.OptimizedSkinwalkers] SkinwalkerNetworkManager Awake Called
[Info   :MoreCompany] ResizePlayerCache: 32
[Info   :MoreCompany] Resizing player cache from 4 to 32 with difference of 28
[Info   :lynxdev.OptimizedSkinwalkers] called __initializeVariables
[Info   :lynxdev.OptimizedSkinwalkers] OnNetworkSpawn
[Info   :lynxdev.OptimizedSkinwalkers] SetupConfig
[Info   :lynxdev.OptimizedSkinwalkers] HOST SENDING CONFIG TO CLIENTS...
[Info   :lynxdev.OptimizedSkinwalkers] Entering foreach
[Info   :lynxdev.OptimizedSkinwalkers] CONFIG SENT...
[Info   : LethalLib] Found 3 prefabs to fix
[Info   :LethalLevelLoader] Saving Current SelectableLevel: 41 Experimentation
[Info   :TooManyEmotes-2.1.26] Loading game values.
[Info   :TooManyEmotes-2.1.26] Resetting unlocked emotes.
[Info   :TooManyEmotes-2.1.26] Loaded Seed: 0
[Info   :OpenBodyCams] Using custom camera settings from MainCamera.
[Info   :TooManyEmotes-2.1.26] Rotating emote selection in store. Seed: 952802179
[Info   :ReservedItemSlotCore-2.0.33] Initializing ReservedPlayerData for player: Player (1)
[Info   :ReservedItemSlotCore-2.0.33] Initializing ReservedPlayerData for player: Player (3)
[Info   :ReservedItemSlotCore-2.0.33] Initializing ReservedPlayerData for player: Player (2)
[Info   :ReservedItemSlotCore-2.0.33] Initializing ReservedPlayerData for player: Player
[Warning:LethalLevelLoader] Disabling LethalLib Dungeon.RoundManager_Start() Function To Prevent Conflicts
[Info   :MoreCompany] Setting initial volume for 0 to 16
[Info   :MoreCompany] Setting initial volume for 1 to 16
[Info   :MoreCompany] Setting initial volume for 2 to 16
[Info   :MoreCompany] Setting initial volume for 3 to 16
[Info   :ReservedItemSlotCore-2.0.33] Initializing ReservedPlayerData for player: Player (4)
[Info   :ReservedItemSlotCore-2.0.33] Initializing ReservedPlayerData for player: Player (5)
[Info   :ReservedItemSlotCore-2.0.33] Initializing ReservedPlayerData for player: Player (6)
[Info   :ReservedItemSlotCore-2.0.33] Initializing ReservedPlayerData for player: Player (7)
[Info   :ReservedItemSlotCore-2.0.33] Initializing ReservedPlayerData for player: Player (8)
[Info   :ReservedItemSlotCore-2.0.33] Initializing ReservedPlayerData for player: Player (9)
[Info   :ReservedItemSlotCore-2.0.33] Initializing ReservedPlayerData for player: Player (10)
[Info   :ReservedItemSlotCore-2.0.33] Initializing ReservedPlayerData for player: Player (11)
[Info   :ReservedItemSlotCore-2.0.33] Initializing ReservedPlayerData for player: Player (12)
[Info   :ReservedItemSlotCore-2.0.33] Initializing ReservedPlayerData for player: Player (13)
[Info   :ReservedItemSlotCore-2.0.33] Initializing ReservedPlayerData for player: Player (14)
[Info   :ReservedItemSlotCore-2.0.33] Initializing ReservedPlayerData for player: Player (15)
[Info   :ReservedItemSlotCore-2.0.33] Initializing ReservedPlayerData for player: Player (16)
[Info   :ReservedItemSlotCore-2.0.33] Initializing ReservedPlayerData for player: Player (17)
[Info   :ReservedItemSlotCore-2.0.33] Initializing ReservedPlayerData for player: Player (18)
[Info   :ReservedItemSlotCore-2.0.33] Initializing ReservedPlayerData for player: Player (19)
[Info   :ReservedItemSlotCore-2.0.33] Initializing ReservedPlayerData for player: Player (20)
[Info   :ReservedItemSlotCore-2.0.33] Initializing ReservedPlayerData for player: Player (21)
[Info   :ReservedItemSlotCore-2.0.33] Initializing ReservedPlayerData for player: Player (22)
[Info   :ReservedItemSlotCore-2.0.33] Initializing ReservedPlayerData for player: Player (23)
[Info   :ReservedItemSlotCore-2.0.33] Initializing ReservedPlayerData for player: Player (24)
[Info   :ReservedItemSlotCore-2.0.33] Initializing ReservedPlayerData for player: Player (25)
[Info   :ReservedItemSlotCore-2.0.33] Initializing ReservedPlayerData for player: Player (26)
[Info   :ReservedItemSlotCore-2.0.33] Initializing ReservedPlayerData for player: Player (27)
[Info   :ReservedItemSlotCore-2.0.33] Initializing ReservedPlayerData for player: Player (28)
[Info   :ReservedItemSlotCore-2.0.33] Initializing ReservedPlayerData for player: Player (29)
[Info   :ReservedItemSlotCore-2.0.33] Initializing ReservedPlayerData for player: Player (30)
[Info   :ReservedItemSlotCore-2.0.33] Initializing ReservedPlayerData for player: Player (31)
[Info   :TooManyEmotes-2.1.26] Loading ThirdPersonEmoteController preferences.
[Info   :TooManyEmotes-2.1.26] Initializing local player.
[Info   :ReservedItemSlotCore-2.0.33] Unlocking reserved item slot: flashlight
[Info   :ReservedItemSlotCore-2.0.33] Unlocking reserved item slot: walkie_talkie
[Info   :ReservedItemSlotCore-2.0.33] Unlocking reserved item slot: weapons
[Info   :ReservedItemSlotCore-2.0.33] Unlocking reserved item slot: ammo
[Info   :OpenBodyCams] Camera has been destroyed, recreating it.
[Info   :OpenBodyCams] Getting MoreCompany cosmetic models for MrPomidorio
[Info   :OpenBodyCams] Collected 13 third-person and 0 cosmetics for MrPomidorio with no  viewmodel replacement.
[Info   :OpenBodyCams] Getting MoreCompany cosmetic models for MrPomidorio
[Info   :OpenBodyCams] Collected 13 third-person and 0 cosmetics for MrPomidorio with no  viewmodel replacement.
[Info   :TooManyEmotes-2.1.26] Rotating emote selection in store. Seed: 952802179
[Info   :OpenBodyCams] Getting MoreCompany cosmetic models for MrPomidorio
[Info   :OpenBodyCams] Collected 13 third-person and 0 cosmetics for MrPomidorio with no  viewmodel replacement.
[Info   :OpenBodyCams] Getting MoreCompany cosmetic models for MrPomidorio
[Info   :OpenBodyCams] Collected 13 third-person and 0 cosmetics for MrPomidorio with no  viewmodel replacement.
[Info   :ReservedItemSlotCore-2.0.33] Unlocking reserved item slot: flashlight
[Info   :ReservedItemSlotCore-2.0.33] Unlocking reserved item slot: walkie_talkie
[Info   :ReservedItemSlotCore-2.0.33] Unlocking reserved item slot: weapons
[Info   :ReservedItemSlotCore-2.0.33] Unlocking reserved item slot: ammo
[Info   :TooManyEmotes-2.1.26] Attempting to perform emote on local player.
[Info   :TooManyEmotes-2.1.26] [MrPomidorio] Performing emote: jug_band.fiddle
[Info   :TooManyEmotes-2.1.26] [MrPomidorio] Stopping emote.
[Info   :TooManyEmotes-2.1.26] Cleaning up emote sync group with id: 0
[Info   :meow.ModelReplacementAPI] Suit Change detected  => FemaleOrange, Replacing ModelReplacementNew.MRGALORANGE.
[Info   :meow.ModelReplacementAPI] Awake MrPomidorio Player (ModelReplacementNew.MRGALORANGE)
[Info   :meow.ModelReplacementAPI] AwakeEnd MrPomidorio
[Info   :   Console] PLAYER EMOTE START MrPomidorio ID 122
[Info   :TooManyEmotes-2.1.26] Attempting to perform emote on local player.
[Info   :TooManyEmotes-2.1.26] [MrPomidorio] Performing emote: company_jig
[Info   :   Console] PLAYER EMOTE START MrPomidorio ID 39
[Info   :TooManyEmotes-2.1.26] [MrPomidorio] Stopping emote.
[Info   :TooManyEmotes-2.1.26] Cleaning up emote sync group with id: 1
[Info   :TooManyEmotes-2.1.26] Started purchasing emote: verve
[Info   :TooManyEmotes-2.1.26] Sending unlocked emote update to server. Emote id: 244
[Info   :TooManyEmotes-2.1.26] Receiving unlocked emote update from client for 1 emotes.
[Info   :TooManyEmotes-2.1.26] Attempting to perform emote on local player.
[Info   :TooManyEmotes-2.1.26] [MrPomidorio] Performing emote: verve
[Info   :   Console] PLAYER EMOTE START MrPomidorio ID 244
[Info   :TooManyEmotes-2.1.26] Toggling DMCA free mode: False
[Info   :TooManyEmotes-2.1.26] Toggling DMCA free mode: True
[Info   :TooManyEmotes-2.1.26] Toggling first person emotes: True
[Info   :TooManyEmotes-2.1.26] Saving ThirdPersonEmoteController preferences.
[Info   :TooManyEmotes-2.1.26] Toggling first person emotes: False
[Info   :TooManyEmotes-2.1.26] Toggling emote only mode: True
[Info   :TooManyEmotes-2.1.26] Saving ThirdPersonEmoteController preferences.
[Info   :TooManyEmotes-2.1.26] Saving AudioManager preferences.
[Info   :TooManyEmotes-2.1.26] Toggling allow moving while emoting: False
[Info   :TooManyEmotes-2.1.26] Toggling allow moving while emoting: True
[Info   :TooManyEmotes-2.1.26] Toggling allow moving while emoting: False
[Info   :TooManyEmotes-2.1.26] Toggling DMCA free mode: False
[Info   :TooManyEmotes-2.1.26] Saving ThirdPersonEmoteController preferences.
[Info   :TooManyEmotes-2.1.26] Saving AudioManager preferences.
[Info   :TooManyEmotes-2.1.26] Saving game values.
[Info   :TooManyEmotes-2.1.26] Saving 21 unlocked emotes for player: MrPomidorio
[Info   :TooManyEmotes-2.1.26] Saving 100 emote credits for player: MrPomidorio
[Info   :TooManyEmotes-2.1.26] Saved Seed: 952802179
[Info   :lynxdev.OptimizedSkinwalkers] SkinwalkerNetworkManager OnDestroy
[Info   :TooManyEmotes-2.1.26] [MrPomidorio] Stopping emote.
[Info   :TooManyEmotes-2.1.26] Cleaning up emote sync group with id: 2
[Info   :meow.ModelReplacementAPI] Destroy body component for MrPomidorio
[Info   :MoreCompany] LANMenu startLAN Patched
[Info   :FixPluginTypesSerialization] Restored original AssemblyNames list
